<?xml version="1.0" encoding="UTF-8"?>
<testng-results ignored="0" total="7" passed="6" failed="1" skipped="0">
  <reporter-output>
  </reporter-output>
  <suite started-at="2023-10-15T09:38:32 IST" name="Default suite" finished-at="2023-10-15T09:38:42 IST" duration-ms="10205">
    <groups>
    </groups>
    <test started-at="2023-10-15T09:38:32 IST" name="Default test" finished-at="2023-10-15T09:38:42 IST" duration-ms="10205">
      <class name="com.grocery.sample">
        <test-method signature="login()[pri:1, instance:com.grocery.sample@75437611]" started-at="2023-10-15T09:38:32 IST" name="login" finished-at="2023-10-15T09:38:36 IST" duration-ms="4510" status="PASS">
          <reporter-output>
          </reporter-output>
        </test-method> <!-- login -->
        <test-method signature="getStateList()[pri:2, instance:com.grocery.sample@75437611]" started-at="2023-10-15T09:38:36 IST" name="getStateList" finished-at="2023-10-15T09:38:37 IST" duration-ms="513" status="PASS">
          <reporter-output>
          </reporter-output>
        </test-method> <!-- getStateList -->
        <test-method signature="getCityList()[pri:3, instance:com.grocery.sample@75437611]" started-at="2023-10-15T09:38:37 IST" name="getCityList" finished-at="2023-10-15T09:38:40 IST" duration-ms="2589" status="PASS">
          <reporter-output>
          </reporter-output>
        </test-method> <!-- getCityList -->
        <test-method signature="SearchProduct()[pri:4, instance:com.grocery.sample@75437611]" started-at="2023-10-15T09:38:40 IST" name="SearchProduct" finished-at="2023-10-15T09:38:40 IST" duration-ms="711" status="PASS">
          <reporter-output>
          </reporter-output>
        </test-method> <!-- SearchProduct -->
        <test-method signature="addAddress()[pri:5, instance:com.grocery.sample@75437611]" started-at="2023-10-15T09:38:40 IST" name="addAddress" finished-at="2023-10-15T09:38:41 IST" duration-ms="389" status="PASS">
          <reporter-output>
          </reporter-output>
        </test-method> <!-- addAddress -->
        <test-method signature="GetuserAddress()[pri:8, instance:com.grocery.sample@75437611]" started-at="2023-10-15T09:38:41 IST" name="GetuserAddress" finished-at="2023-10-15T09:38:41 IST" duration-ms="627" status="PASS">
          <reporter-output>
          </reporter-output>
        </test-method> <!-- GetuserAddress -->
        <test-method signature="GetSearchDetails()[pri:10, instance:com.grocery.sample@75437611]" started-at="2023-10-15T09:38:41 IST" name="GetSearchDetails" finished-at="2023-10-15T09:38:42 IST" duration-ms="710" status="FAIL">
          <exception class="java.lang.AssertionError">
            <message>
              <![CDATA[verify StatusCode expected [200] but found [400]]]>
            </message>
            <full-stacktrace>
              <![CDATA[java.lang.AssertionError: verify StatusCode expected [200] but found [400]
at org.testng.Assert.fail(Assert.java:111)
at org.testng.Assert.failNotEquals(Assert.java:1578)
at org.testng.Assert.assertEqualsImpl(Assert.java:150)
at org.testng.Assert.assertEquals(Assert.java:132)
at org.testng.Assert.assertEquals(Assert.java:1419)
at org.testng.Assert.assertEquals(Assert.java:1383)
at com.grocery.sample.GetSearchDetails(sample.java:277)
at java.base/jdk.internal.reflect.NativeMethodAccessorImpl.invoke0(Native Method)
at java.base/jdk.internal.reflect.NativeMethodAccessorImpl.invoke(NativeMethodAccessorImpl.java:77)
at java.base/jdk.internal.reflect.DelegatingMethodAccessorImpl.invoke(DelegatingMethodAccessorImpl.java:43)
at java.base/java.lang.reflect.Method.invoke(Method.java:568)
at org.testng.internal.invokers.MethodInvocationHelper.invokeMethod(MethodInvocationHelper.java:139)
at org.testng.internal.invokers.TestInvoker.invokeMethod(TestInvoker.java:664)
at org.testng.internal.invokers.TestInvoker.invokeTestMethod(TestInvoker.java:227)
at org.testng.internal.invokers.MethodRunner.runInSequence(MethodRunner.java:50)
at org.testng.internal.invokers.TestInvoker$MethodInvocationAgent.invoke(TestInvoker.java:957)
at org.testng.internal.invokers.TestInvoker.invokeTestMethods(TestInvoker.java:200)
at org.testng.internal.invokers.TestMethodWorker.invokeTestMethods(TestMethodWorker.java:148)
at org.testng.internal.invokers.TestMethodWorker.run(TestMethodWorker.java:128)
at java.base/java.util.ArrayList.forEach(ArrayList.java:1511)
at org.testng.TestRunner.privateRun(TestRunner.java:848)
at org.testng.TestRunner.run(TestRunner.java:621)
at org.testng.SuiteRunner.runTest(SuiteRunner.java:443)
at org.testng.SuiteRunner.runSequentially(SuiteRunner.java:437)
at org.testng.SuiteRunner.privateRun(SuiteRunner.java:397)
at org.testng.SuiteRunner.run(SuiteRunner.java:336)
at org.testng.SuiteRunnerWorker.runSuite(SuiteRunnerWorker.java:52)
at org.testng.SuiteRunnerWorker.run(SuiteRunnerWorker.java:95)
at org.testng.TestNG.runSuitesSequentially(TestNG.java:1280)
at org.testng.TestNG.runSuitesLocally(TestNG.java:1200)
at org.testng.TestNG.runSuites(TestNG.java:1114)
at org.testng.TestNG.run(TestNG.java:1082)
at org.testng.remote.AbstractRemoteTestNG.run(AbstractRemoteTestNG.java:115)
at org.testng.remote.RemoteTestNG.initAndRun(RemoteTestNG.java:251)
at org.testng.remote.RemoteTestNG.main(RemoteTestNG.java:77)
]]>
            </full-stacktrace>
          </exception> <!-- java.lang.AssertionError -->
          <reporter-output>
          </reporter-output>
        </test-method> <!-- GetSearchDetails -->
      </class> <!-- com.grocery.sample -->
    </test> <!-- Default test -->
  </suite> <!-- Default suite -->
</testng-results>
